<?xml version="1.0" encoding="UTF-8"?>
<testsuite xmlns:xsi="http://www.w3.org/2001/XMLSchema-instance" xsi:noNamespaceSchemaLocation="https://maven.apache.org/surefire/maven-surefire-plugin/xsd/surefire-test-report.xsd" name="T1.MainAppTest" time="0.054" tests="7" errors="0" skipped="0" failures="0">
  <properties>
[...]
</properties>
  <testcase name="impares_entre_13_e_10" classname="T1.MainAppTest" time="0.03"/>
  <testcase name="impares_entre_3_e_3" classname="T1.MainAppTest" time="0"/>
  <testcase name="impares_entre_3_e_4" classname="T1.MainAppTest" time="0.002"/>
  <testcase name="impares_entre_3_e_5" classname="T1.MainAppTest" time="0.002"/>
  <testcase name="impares_entre_3_e_8" classname="T1.MainAppTest" time="0.001"/>
  <testcase name="impares_entre_4_e_5" classname="T1.MainAppTest" time="0.001"/>
  <testcase name="impares_entre_6_e_4" classname="T1.MainAppTest" time="0.001"/>
</testsuite>